2024-06-05 09:15:23.123456 - User: Anonymous - Path: /
2024-06-05 09:15:25.234567 - User: Anonymous - Path: /static/css/style.css
2024-06-05 09:15:25.345678 - User: Anonymous - Path: /static/js/main.js
2024-06-05 09:15:28.456789 - User: Anonymous - Path: /login/
2024-06-05 09:16:45.567890 - User: john_traveler - Path: /
2024-06-05 09:16:47.678901 - User: john_traveler - Path: /properties/
2024-06-05 09:16:52.789012 - User: john_traveler - Path: /properties/search/?location=nairobi&guests=2
2024-06-05 09:17:15.890123 - User: john_traveler - Path: /properties/3/
2024-06-05 09:17:45.901234 - User: john_traveler - Path: /properties/3/book/
2024-06-05 09:18:23.012345 - User: john_traveler - Path: /bookings/confirmation/
2024-06-05 09:20:12.123456 - User: Anonymous - Path: /
2024-06-05 09:20:15.234567 - User: Anonymous - Path: /register/
2024-06-05 09:21:30.345678 - User: sarah_host - Path: /
2024-06-05 09:21:33.456789 - User: sarah_host - Path: /dashboard/
2024-06-05 09:21:40.567890 - User: sarah_host - Path: /properties/add/
2024-06-05 09:22:15.678901 - User: sarah_host - Path: /properties/manage/
2024-06-05 09:25:45.789012 - User: Anonymous - Path: /properties/
2024-06-05 09:25:50.890123 - User: Anonymous - Path: /properties/1/
2024-06-05 09:26:10.901234 - User: Anonymous - Path: /login/
2024-06-05 09:27:32.012345 - User: mike_guest - Path: /
2024-06-05 09:27:35.123456 - User: mike_guest - Path: /properties/search/?location=westlands&price_max=5000
2024-06-05 09:28:12.234567 - User: mike_guest - Path: /properties/7/
2024-06-05 09:28:45.345678 - User: mike_guest - Path: /user/profile/
2024-06-05 09:30:22.456789 - User: Anonymous - Path: /about/
2024-06-05 09:30:25.567890 - User: Anonymous - Path: /contact/
2024-06-05 09:32:18.678901 - User: john_traveler - Path: /bookings/
2024-06-05 09:32:25.789012 - User: john_traveler - Path: /bookings/15/cancel/
2024-06-05 09:33:45.890123 - User: sarah_host - Path: /properties/3/edit/
2024-06-05 09:34:12.901234 - User: sarah_host - Path: /bookings/received/
2024-06-05 09:35:30.012345 - User: Anonymous - Path: /properties/search/?location=karen&guests=4
2024-06-05 09:36:15.123456 - User: Anonymous - Path: /properties/12/
2024-06-05 09:38:22.234567 - User: admin_user - Path: /admin/
2024-06-05 09:38:25.345678 - User: admin_user - Path: /admin/properties/property/
2024-06-05 09:38:45.456789 - User: admin_user - Path: /admin/auth/user/
